<?xml version="1.0" encoding="UTF-8"?>
<!-- Generated by org.testng.reporters.JUnitReportReporter -->
<testsuite hostname="LAPTOP-8FM6JVUV" failures="0" tests="10" name="com.telecom.testcases.ContactListApplicationTest" time="20.605" errors="0" timestamp="2025-08-01T16:35:33 IST" skipped="0">
  <testcase classname="com.telecom.testcases.ContactListApplicationTest" name="addNewUser" time="4.805"/>
  <testcase classname="com.telecom.testcases.ContactListApplicationTest" name="getUserProfile" time="1.898"/>
  <testcase classname="com.telecom.testcases.ContactListApplicationTest" name="updateUser" time="1.840"/>
  <testcase classname="com.telecom.testcases.ContactListApplicationTest" name="loginUser" time="1.672"/>
  <testcase classname="com.telecom.testcases.ContactListApplicationTest" name="addContact" time="1.701"/>
  <testcase classname="com.telecom.testcases.ContactListApplicationTest" name="getContactList" time="1.698"/>
  <testcase classname="com.telecom.testcases.ContactListApplicationTest" name="getContactById" time="1.567"/>
  <testcase classname="com.telecom.testcases.ContactListApplicationTest" name="updateFullContact" time="1.660"/>
  <testcase classname="com.telecom.testcases.ContactListApplicationTest" name="updatePartialContact" time="1.845"/>
  <testcase classname="com.telecom.testcases.ContactListApplicationTest" name="logoutUser" time="1.919"/>
</testsuite> <!-- com.telecom.testcases.ContactListApplicationTest -->
